2020-09-21 13:35:14 WARNING (MainThread) [homeassistant.components.recorder] The 'purge_interval' option is deprecated, please remove it from your configuration
2020-09-21 13:35:14 INFO (MainThread) [homeassistant.setup] Setup of domain logger took 0.0 seconds
2020-09-21 13:35:14 INFO (MainThread) [homeassistant.setup] Setting up http
2020-09-21 13:35:14 INFO (MainThread) [homeassistant.setup] Setup of domain http took 0.0 seconds
2020-09-21 13:35:14 INFO (MainThread) [homeassistant.setup] Setting up system_log
2020-09-21 13:35:14 INFO (MainThread) [homeassistant.setup] Setup of domain system_log took 0.0 seconds
2020-09-21 13:35:14 INFO (MainThread) [homeassistant.setup] Setup of domain recorder took 0.4 seconds
2020-09-21 13:35:14 INFO (MainThread) [homeassistant.bootstrap] Setting up stage 1: {'device_automation', 'frontend', 'config', 'system_log', 'auth', 'search', 'api', 'person', 'websocket_api', 'hassio', 'http', 'image', 'onboarding', 'lovelace'}
2020-09-21 13:35:14 INFO (MainThread) [homeassistant.setup] Setting up device_automation
2020-09-21 13:35:14 INFO (MainThread) [homeassistant.setup] Setup of domain device_automation took 0.0 seconds
2020-09-21 13:35:14 INFO (MainThread) [homeassistant.setup] Setting up config
2020-09-21 13:35:14 INFO (MainThread) [homeassistant.setup] Setting up auth
2020-09-21 13:35:14 INFO (MainThread) [homeassistant.setup] Setup of domain auth took 0.0 seconds
2020-09-21 13:35:14 INFO (MainThread) [homeassistant.setup] Setting up api
2020-09-21 13:35:14 INFO (MainThread) [homeassistant.setup] Setting up websocket_api
2020-09-21 13:35:14 INFO (MainThread) [homeassistant.setup] Setup of domain websocket_api took 0.0 seconds
2020-09-21 13:35:14 INFO (MainThread) [homeassistant.setup] Setting up hassio
2020-09-21 13:35:15 INFO (MainThread) [homeassistant.setup] Setting up lovelace
2020-09-21 13:35:16 INFO (MainThread) [homeassistant.setup] Setup of domain api took 1.1 seconds
2020-09-21 13:35:16 INFO (SyncWorker_5) [homeassistant.loader] Loaded ssdp from homeassistant.components.ssdp
2020-09-21 13:35:16 INFO (SyncWorker_8) [homeassistant.loader] Loaded zeroconf from homeassistant.components.zeroconf
2020-09-21 13:35:16 INFO (MainThread) [homeassistant.setup] Setup of domain config took 1.3 seconds
2020-09-21 13:35:16 INFO (MainThread) [homeassistant.setup] Setting up search
2020-09-21 13:35:16 INFO (MainThread) [homeassistant.setup] Setup of domain search took 0.0 seconds
2020-09-21 13:35:16 INFO (MainThread) [homeassistant.setup] Setting up image
2020-09-21 13:35:16 INFO (MainThread) [homeassistant.setup] Setup of domain lovelace took 1.2 seconds
2020-09-21 13:35:16 INFO (MainThread) [homeassistant.setup] Setup of domain image took 0.0 seconds
2020-09-21 13:35:16 INFO (MainThread) [homeassistant.setup] Setting up person
2020-09-21 13:35:16 INFO (MainThread) [homeassistant.setup] Setup of domain person took 0.0 seconds
2020-09-21 13:35:16 INFO (MainThread) [homeassistant.setup] Setting up onboarding
2020-09-21 13:35:16 INFO (MainThread) [homeassistant.helpers.storage] Migrating onboarding storage from 1 to 3
2020-09-21 13:35:16 INFO (MainThread) [homeassistant.setup] Setup of domain onboarding took 0.0 seconds
2020-09-21 13:35:16 INFO (SyncWorker_9) [homeassistant.loader] Loaded webhook from homeassistant.components.webhook
2020-09-21 13:35:16 INFO (SyncWorker_3) [homeassistant.loader] Loaded device_tracker from homeassistant.components.device_tracker
2020-09-21 13:35:16 INFO (SyncWorker_5) [homeassistant.loader] Loaded scene from homeassistant.components.scene
2020-09-21 13:35:16 INFO (SyncWorker_7) [homeassistant.loader] Loaded zone from homeassistant.components.zone
2020-09-21 13:35:16 INFO (MainThread) [homeassistant.setup] Setting up frontend
2020-09-21 13:35:16 INFO (MainThread) [homeassistant.setup] Setup of domain frontend took 0.0 seconds
2020-09-21 13:35:16 INFO (MainThread) [homeassistant.setup] Setup of domain hassio took 1.9 seconds
2020-09-21 13:35:16 INFO (MainThread) [homeassistant.bootstrap] Setting up stage 2: {'binary_sensor', 'group', 'updater', 'map', 'sensor', 'shell_command', 'script', 'zwave', 'cast', 'camera', 'notify', 'automation', 'mqtt', 'logbook', 'history', 'ffmpeg', 'system_health'}
2020-09-21 13:35:16 INFO (SyncWorker_5) [homeassistant.loader] Loaded template from homeassistant.components.template
2020-09-21 13:35:16 INFO (MainThread) [homeassistant.setup] Setting up group
2020-09-21 13:35:17 INFO (MainThread) [homeassistant.setup] Setting up updater
2020-09-21 13:35:17 INFO (MainThread) [homeassistant.setup] Setting up map
2020-09-21 13:35:17 INFO (MainThread) [homeassistant.setup] Setup of domain map took 0.0 seconds
2020-09-21 13:35:17 INFO (MainThread) [homeassistant.setup] Setting up shell_command
2020-09-21 13:35:17 INFO (MainThread) [homeassistant.setup] Setup of domain shell_command took 0.0 seconds
2020-09-21 13:35:17 INFO (MainThread) [homeassistant.setup] Setting up zwave
2020-09-21 13:35:17 INFO (MainThread) [homeassistant.setup] Setup of domain zwave took 0.0 seconds
2020-09-21 13:35:17 INFO (SyncWorker_7) [homeassistant.loader] Loaded mjpeg from homeassistant.components.mjpeg
2020-09-21 13:35:17 INFO (SyncWorker_6) [homeassistant.loader] Loaded smtp from homeassistant.components.smtp
2020-09-21 13:35:17 INFO (MainThread) [homeassistant.setup] Setting up logbook
2020-09-21 13:35:17 INFO (MainThread) [homeassistant.setup] Setting up history
2020-09-21 13:35:17 INFO (MainThread) [homeassistant.setup] Setup of domain history took 0.0 seconds
2020-09-21 13:35:17 INFO (MainThread) [homeassistant.setup] Setting up ffmpeg
2020-09-21 13:35:17 INFO (MainThread) [homeassistant.setup] Setting up system_health
2020-09-21 13:35:17 INFO (MainThread) [homeassistant.setup] Setup of domain system_health took 0.0 seconds
2020-09-21 13:35:17 INFO (SyncWorker_3) [homeassistant.loader] Loaded cloud from homeassistant.components.cloud
2020-09-21 13:35:17 INFO (SyncWorker_9) [homeassistant.loader] Loaded tts from homeassistant.components.tts
2020-09-21 13:35:18 INFO (SyncWorker_0) [homeassistant.loader] Loaded media_source from homeassistant.components.media_source
2020-09-21 13:35:23 INFO (MainThread) [homeassistant.components.zwave] Z-Wave USB path is /dev/serial/by-id/usb-0658_0200-if00
2020-09-21 13:35:24 INFO (MainThread) [homeassistant.setup] Setting up camera
2020-09-21 13:35:24 INFO (MainThread) [homeassistant.setup] Setting up notify
2020-09-21 13:35:25 INFO (MainThread) [homeassistant.setup] Setting up script
2020-09-21 13:35:25 ERROR (MainThread) [haffmpeg.core] FFmpeg fails [Errno 2] No such file or directory: '/usr/bin/avconv'
Traceback (most recent call last):
  File "/usr/local/lib/python3.8/site-packages/haffmpeg/core.py", line 136, in open
    self._proc = await self._loop.run_in_executor(None, proc_func)
  File "/usr/local/lib/python3.8/concurrent/futures/thread.py", line 57, in run
    result = self.fn(*self.args, **self.kwargs)
  File "/usr/local/lib/python3.8/subprocess.py", line 854, in __init__
    self._execute_child(args, executable, preexec_fn, close_fds,
  File "/usr/local/lib/python3.8/subprocess.py", line 1702, in _execute_child
    raise child_exception_type(errno_num, err_msg, err_filename)
FileNotFoundError: [Errno 2] No such file or directory: '/usr/bin/avconv'
2020-09-21 13:35:25 WARNING (MainThread) [haffmpeg.tools] Error starting FFmpeg.
2020-09-21 13:35:25 INFO (MainThread) [homeassistant.setup] Setup of domain ffmpeg took 7.9 seconds
2020-09-21 13:35:26 INFO (MainThread) [homeassistant.components.notify] Setting up notify.smtp
2020-09-21 13:35:26 INFO (MainThread) [homeassistant.setup] Setup of domain logbook took 8.2 seconds
2020-09-21 13:35:26 INFO (MainThread) [homeassistant.setup] Setting up mqtt
2020-09-21 13:35:26 INFO (MainThread) [homeassistant.setup] Setup of domain mqtt took 0.0 seconds
2020-09-21 13:35:26 INFO (MainThread) [homeassistant.setup] Setup of domain updater took 8.5 seconds
2020-09-21 13:35:26 INFO (SyncWorker_8) [homeassistant.loader] Loaded alexa from homeassistant.components.alexa
2020-09-21 13:35:26 INFO (SyncWorker_9) [homeassistant.loader] Loaded media_player from homeassistant.components.media_player
2020-09-21 13:35:26 INFO (SyncWorker_3) [homeassistant.loader] Loaded google_assistant from homeassistant.components.google_assistant
2020-09-21 13:35:26 INFO (MainThread) [homeassistant.setup] Setting up binary_sensor
2020-09-21 13:35:26 INFO (MainThread) [homeassistant.setup] Setup of domain binary_sensor took 0.0 seconds
2020-09-21 13:35:26 ERROR (MainThread) [homeassistant.config] Platform error: sensor - Integration 'yr' not found.
2020-09-21 13:35:26 INFO (SyncWorker_4) [homeassistant.loader] Loaded systemmonitor from homeassistant.components.systemmonitor
2020-09-21 13:35:26 INFO (MainThread) [homeassistant.setup] Setup of domain group took 9.7 seconds
2020-09-21 13:35:26 INFO (MainThread) [homeassistant.setup] Setup of domain script took 1.0 seconds
2020-09-21 13:35:26 INFO (SyncWorker_0) [homeassistant.loader] Loaded cover from homeassistant.components.cover
2020-09-21 13:35:26 INFO (SyncWorker_8) [homeassistant.loader] Loaded fan from homeassistant.components.fan
2020-09-21 13:35:26 INFO (MainThread) [homeassistant.setup] Setup of domain camera took 2.8 seconds
2020-09-21 13:35:26 INFO (SyncWorker_9) [homeassistant.loader] Loaded lock from homeassistant.components.lock
2020-09-21 13:35:26 INFO (SyncWorker_2) [homeassistant.loader] Loaded climate from homeassistant.components.climate
2020-09-21 13:35:26 INFO (SyncWorker_0) [homeassistant.loader] Loaded light from homeassistant.components.light
2020-09-21 13:35:26 INFO (SyncWorker_3) [homeassistant.loader] Loaded switch from homeassistant.components.switch
2020-09-21 13:35:26 INFO (MainThread) [homeassistant.components.binary_sensor] Setting up binary_sensor.zwave
2020-09-21 13:35:27 INFO (SyncWorker_4) [homeassistant.loader] Loaded time_date from homeassistant.components.time_date
2020-09-21 13:35:27 INFO (MainThread) [homeassistant.setup] Setting up cover
2020-09-21 13:35:27 INFO (MainThread) [homeassistant.setup] Setup of domain cover took 0.0 seconds
2020-09-21 13:35:27 INFO (MainThread) [homeassistant.setup] Setting up fan
2020-09-21 13:35:27 INFO (MainThread) [homeassistant.setup] Setup of domain fan took 0.0 seconds
2020-09-21 13:35:27 INFO (MainThread) [homeassistant.setup] Setting up lock
2020-09-21 13:35:27 INFO (MainThread) [homeassistant.setup] Setup of domain lock took 0.0 seconds
2020-09-21 13:35:27 INFO (MainThread) [homeassistant.setup] Setting up climate
2020-09-21 13:35:27 INFO (MainThread) [homeassistant.setup] Setup of domain climate took 0.0 seconds
2020-09-21 13:35:27 INFO (MainThread) [homeassistant.setup] Setting up light
2020-09-21 13:35:27 INFO (Thread-3) [homeassistant.components.mqtt] Connected to MQTT server 10.1.2.89:1883 (0)
2020-09-21 13:35:27 INFO (MainThread) [homeassistant.setup] Setting up switch
2020-09-21 13:35:27 INFO (MainThread) [homeassistant.setup] Setup of domain switch took 0.0 seconds
2020-09-21 13:35:27 INFO (MainThread) [homeassistant.components.binary_sensor] Setting up binary_sensor.updater
2020-09-21 13:35:27 INFO (MainThread) [homeassistant.setup] Setting up automation
2020-09-21 13:35:27 INFO (SyncWorker_1) [homeassistant.loader] Loaded worldclock from homeassistant.components.worldclock
2020-09-21 13:35:27 INFO (MainThread) [homeassistant.components.cover] Setting up cover.zwave
2020-09-21 13:35:27 INFO (MainThread) [homeassistant.components.fan] Setting up fan.zwave
2020-09-21 13:35:27 INFO (MainThread) [homeassistant.components.lock] Setting up lock.zwave
2020-09-21 13:35:27 INFO (MainThread) [homeassistant.components.climate] Setting up climate.zwave
2020-09-21 13:35:27 INFO (MainThread) [homeassistant.setup] Setup of domain light took 0.2 seconds
2020-09-21 13:35:27 INFO (MainThread) [homeassistant.components.switch] Setting up switch.zwave
2020-09-21 13:35:27 INFO (MainThread) [homeassistant.components.binary_sensor] Setting up binary_sensor.template
2020-09-21 13:35:27 INFO (MainThread) [homeassistant.components.binary_sensor] Setting up binary_sensor.template
2020-09-21 13:35:28 INFO (MainThread) [homeassistant.setup] Setting up sensor
2020-09-21 13:35:28 INFO (MainThread) [homeassistant.setup] Setup of domain sensor took 0.0 seconds
2020-09-21 13:35:28 INFO (MainThread) [homeassistant.components.light] Setting up light.zwave
2020-09-21 13:35:28 INFO (MainThread) [homeassistant.components.sensor] Setting up sensor.mqtt
2020-09-21 13:35:28 INFO (MainThread) [homeassistant.components.sensor] Setting up sensor.mqtt
2020-09-21 13:35:28 INFO (MainThread) [homeassistant.components.sensor] Setting up sensor.mqtt
2020-09-21 13:35:28 INFO (MainThread) [homeassistant.components.sensor] Setting up sensor.mqtt
2020-09-21 13:35:28 INFO (MainThread) [homeassistant.components.sensor] Setting up sensor.mqtt
2020-09-21 13:35:28 INFO (MainThread) [homeassistant.components.sensor] Setting up sensor.mqtt
2020-09-21 13:35:28 INFO (MainThread) [homeassistant.components.sensor] Setting up sensor.mqtt
2020-09-21 13:35:28 INFO (MainThread) [homeassistant.components.sensor] Setting up sensor.mqtt
2020-09-21 13:35:28 INFO (MainThread) [homeassistant.components.sensor] Setting up sensor.mqtt
2020-09-21 13:35:28 INFO (MainThread) [homeassistant.components.sensor] Setting up sensor.systemmonitor
2020-09-21 13:35:28 INFO (MainThread) [homeassistant.components.sensor] Setting up sensor.time_date
2020-09-21 13:35:28 INFO (MainThread) [homeassistant.components.sensor] Setting up sensor.worldclock
2020-09-21 13:35:28 INFO (MainThread) [homeassistant.components.sensor] Setting up sensor.template
2020-09-21 13:35:28 INFO (MainThread) [homeassistant.setup] Setting up cast
2020-09-21 13:35:28 INFO (MainThread) [homeassistant.setup] Setup of domain cast took 0.0 seconds
2020-09-21 13:35:28 INFO (MainThread) [homeassistant.components.sensor] Setting up sensor.zwave
2020-09-21 13:35:28 INFO (MainThread) [homeassistant.setup] Setup of domain notify took 4.4 seconds
2020-09-21 13:35:28 INFO (MainThread) [homeassistant.setup] Setting up media_player
2020-09-21 13:35:28 INFO (MainThread) [homeassistant.setup] Setup of domain media_player took 0.1 seconds
2020-09-21 13:35:32 INFO (MainThread) [homeassistant.components.media_player] Setting up media_player.cast
2020-09-21 13:35:32 INFO (MainThread) [homeassistant.setup] Setup of domain automation took 5.2 seconds
2020-09-21 13:35:32 INFO (MainThread) [homeassistant.components.updater] Submitted analytics to Home Assistant servers. Information submitted includes {'installation_type': 'Home Assistant OS', 'version': '0.115.0', 'dev': False, 'hassio': True, 'virtualenv': False, 'python_version': '3.8.5', 'docker': True, 'arch': 'armv7l', 'timezone': 'America/Toronto', 'os_name': 'Linux', 'os_version': '3.12.0', 'supervisor': '245', 'host_os': 'HassOS 4.13', 'chassis': 'embedded', 'docker_version': '19.03.11', 'distribution': 'alpine', 'huuid': '3101311b0f0a431caaa266901c46204d'}
2020-09-21 13:35:33 INFO (MainThread) [homeassistant.bootstrap] Home Assistant initialized in 20.76s
2020-09-21 13:35:33 INFO (MainThread) [homeassistant.core] Starting Home Assistant
2020-09-21 13:35:33 INFO (SyncWorker_0) [homeassistant.components.zwave] Starting Z-Wave network...
2020-09-21 13:35:33 INFO (SyncWorker_0) [openzwave] Start Openzwave network.
2020-09-21 13:35:33 INFO (Dummy-7) [openzwave] Driver ready using library Static Controller version Z-Wave 3.95
2020-09-21 13:35:33 INFO (Dummy-7) [openzwave] home_id 0xdf2f20c2, controller node id is 1
2020-09-21 13:35:35 INFO (MainThread) [homeassistant.core] Timer:starting
2020-09-21 13:35:37 INFO (MainThread) [homeassistant.components.automation.turn_off_neo3_if_neo2_on] Initialized trigger Turn off Neo3 if Neo2 on
2020-09-21 13:35:37 INFO (MainThread) [homeassistant.components.automation.turn_off_inovellisw2_3_minutes_after_last_movement] Initialized trigger Turn off InovelliSW2 3 minutes after last movement
2020-09-21 13:35:37 INFO (MainThread) [homeassistant.components.automation.door_is_open] Initialized trigger Door is open
2020-09-21 13:35:37 INFO (MainThread) [homeassistant.components.automation.turn_on_inovellisw2_when_there_is_movement] Initialized trigger Turn on InovelliSW2 when there is movement
2020-09-21 13:35:37 INFO (MainThread) [homeassistant.components.automation.turn_on_zooz01_when_there_is_movement] Initialized trigger Turn on Zooz01 when there is movement
2020-09-21 13:35:37 INFO (MainThread) [homeassistant.components.automation.turn_off_zooz01_5_minutes_after_last_movement] Initialized trigger Turn off Zooz01 5 minutes after last movement
2020-09-21 13:35:37 INFO (MainThread) [homeassistant.components.automation.switch_of_water] Initialized trigger Switch of Water
2020-09-21 13:36:36 INFO (Dummy-7) [homeassistant.components.zwave] Z-Wave network is ready for use. All awake nodes have been queried. Sleeping nodes will be queried when they awake
2020-09-21 13:36:36 INFO (MainThread) [homeassistant.components.zwave] Z-Wave ready after 61 seconds
2020-09-21 13:36:36 INFO (SyncWorker_17) [homeassistant.components.zwave] Z-Wave polling interval set to 30000 ms
2020-09-21 22:00:41 INFO (MainThread) [homeassistant.components.websocket_api.http.connection.1844637648] Connection closed by client
2020-09-21 22:00:42 INFO (MainThread) [homeassistant.components.websocket_api.http.connection.1907251712] Connection closed by client
2020-09-22 13:35:32 INFO (MainThread) [homeassistant.components.updater] Submitted analytics to Home Assistant servers. Information submitted includes {'installation_type': 'Home Assistant OS', 'version': '0.115.0', 'dev': False, 'hassio': True, 'virtualenv': False, 'python_version': '3.8.5', 'docker': True, 'arch': 'armv7l', 'timezone': 'America/Toronto', 'os_name': 'Linux', 'os_version': '3.12.0', 'supervisor': '245', 'host_os': 'HassOS 4.13', 'chassis': 'embedded', 'docker_version': '19.03.11', 'distribution': 'alpine', 'huuid': '3101311b0f0a431caaa266901c46204d'}
2020-09-22 18:46:01 INFO (Dummy-7) [homeassistant.components.zwave] Z-Wave network is complete. All nodes on the network have been queried
